<?xml version="1.0" encoding="UTF-8" ?>
<testsuite tests="1" failures="0" name="io.swagger.client.api.SkiersApiTest" time="0.001" errors="0" skipped="1">
  <properties>
    <property name="java.runtime.name" value="OpenJDK Runtime Environment"/>
    <property name="sun.boot.library.path" value="/usr/lib64/jvm/java-1.8.0-openjdk-1.8.0/jre/lib/amd64"/>
    <property name="java.vm.version" value="25.222-b10"/>
    <property name="java.vm.vendor" value="IcedTea"/>
    <property name="maven.multiModuleProjectDirectory" value="/home/weijia/github/CS6650/Assignment2/clientmulti_part2"/>
    <property name="java.vendor.url" value="https://icedtea.classpath.org"/>
    <property name="path.separator" value=":"/>
    <property name="guice.disable.misplaced.annotation.check" value="true"/>
    <property name="java.vm.name" value="OpenJDK 64-Bit Server VM"/>
    <property name="file.encoding.pkg" value="sun.io"/>
    <property name="user.country" value="US"/>
    <property name="sun.java.launcher" value="SUN_STANDARD"/>
    <property name="sun.os.patch.level" value="unknown"/>
    <property name="java.vm.specification.name" value="Java Virtual Machine Specification"/>
    <property name="user.dir" value="/home/weijia/github/CS6650/Assignment2/clientmulti_part2"/>
    <property name="java.runtime.version" value="1.8.0_222-b10"/>
    <property name="java.awt.graphicsenv" value="sun.awt.X11GraphicsEnvironment"/>
    <property name="java.endorsed.dirs" value="/usr/lib64/jvm/java-1.8.0-openjdk-1.8.0/jre/lib/endorsed"/>
    <property name="os.arch" value="amd64"/>
    <property name="java.io.tmpdir" value="/tmp"/>
    <property name="line.separator" value="
"/>
    <property name="java.vm.specification.vendor" value="Oracle Corporation"/>
    <property name="os.name" value="Linux"/>
    <property name="classworlds.conf" value="/home/weijia/app/idea-IU-191.7479.19/plugins/maven/lib/maven3/bin/m2.conf"/>
    <property name="sun.jnu.encoding" value="UTF-8"/>
    <property name="java.library.path" value="/usr/java/packages/lib/amd64:/usr/lib64:/lib64:/lib:/usr/lib"/>
    <property name="maven.conf" value="/home/weijia/app/idea-IU-191.7479.19/plugins/maven/lib/maven3/conf"/>
    <property name="java.specification.name" value="Java Platform API Specification"/>
    <property name="java.class.version" value="52.0"/>
    <property name="sun.management.compiler" value="HotSpot 64-Bit Tiered Compilers"/>
    <property name="os.version" value="4.12.14-lp151.28.20-default"/>
    <property name="user.home" value="/home/weijia"/>
    <property name="user.timezone" value="America/Los_Angeles"/>
    <property name="java.awt.printerjob" value="sun.print.PSPrinterJob"/>
    <property name="java.specification.version" value="1.8"/>
    <property name="file.encoding" value="UTF-8"/>
    <property name="user.name" value="weijia"/>
    <property name="java.class.path" value="/home/weijia/app/idea-IU-191.7479.19/plugins/maven/lib/maven3/boot/plexus-classworlds-2.6.0.jar:/home/weijia/app/idea-IU-191.7479.19/lib/idea_rt.jar"/>
    <property name="java.vm.specification.version" value="1.8"/>
    <property name="sun.arch.data.model" value="64"/>
    <property name="java.home" value="/usr/lib64/jvm/java-1.8.0-openjdk-1.8.0/jre"/>
    <property name="sun.java.command" value="org.codehaus.classworlds.Launcher -Didea.version2019.1.4 test -P sign-artifacts"/>
    <property name="java.specification.vendor" value="Oracle Corporation"/>
    <property name="user.language" value="en"/>
    <property name="idea.version2019.1.4" value="true"/>
    <property name="awt.toolkit" value="sun.awt.X11.XToolkit"/>
    <property name="java.vm.info" value="mixed mode"/>
    <property name="java.version" value="1.8.0_222"/>
    <property name="java.ext.dirs" value="/usr/lib64/jvm/java-1.8.0-openjdk-1.8.0/jre/lib/ext:/usr/java/packages/lib/ext"/>
    <property name="securerandom.source" value="file:/dev/./urandom"/>
    <property name="sun.boot.class.path" value="/usr/lib64/jvm/java-1.8.0-openjdk-1.8.0/jre/lib/resources.jar:/usr/lib64/jvm/java-1.8.0-openjdk-1.8.0/jre/lib/rt.jar:/usr/lib64/jvm/java-1.8.0-openjdk-1.8.0/jre/lib/sunrsasign.jar:/usr/lib64/jvm/java-1.8.0-openjdk-1.8.0/jre/lib/jsse.jar:/usr/lib64/jvm/java-1.8.0-openjdk-1.8.0/jre/lib/jce.jar:/usr/lib64/jvm/java-1.8.0-openjdk-1.8.0/jre/lib/charsets.jar:/usr/lib64/jvm/java-1.8.0-openjdk-1.8.0/jre/lib/jfr.jar:/usr/lib64/jvm/java-1.8.0-openjdk-1.8.0/jre/classes"/>
    <property name="java.vendor" value="IcedTea"/>
    <property name="maven.home" value="/home/weijia/app/idea-IU-191.7479.19/plugins/maven/lib/maven3"/>
    <property name="file.separator" value="/"/>
    <property name="java.vendor.url.bug" value="https://icedtea.classpath.org/bugzilla"/>
    <property name="sun.cpu.endian" value="little"/>
    <property name="sun.io.unicode.encoding" value="UnicodeLittle"/>
    <property name="sun.cpu.isalist" value=""/>
  </properties>
  <testcase classname="io.swagger.client.api.SkiersApiTest" name="io.swagger.client.api.SkiersApiTest" time="0">
    <skipped/>
  </testcase>
</testsuite>